-----------------------------------------------------------------------------

Input image     : galfit-example/EXAMPLE/gal.fits[1:93,1:93] 
Init. par. file : galfit-example/EXAMPLE/galfit.feedme 
Restart file    : galfit.01 
Output image    : imgblock.fits 

 sersic    : (   46.53,    48.27)   23.01      2.48    3.94    0.85   -70.80
             (    0.02,     0.02)    0.02      0.08    0.26    0.02     4.75
 sky       : [ 47.00,  47.00]  7.85e-01  [0.00e+00]  [0.00e+00]
                                9.40e-02  [0.00e+00]  [0.00e+00]
 Chi^2 = 9470.05020,  ndof = 8641
 Chi^2/nu = 1.096 

-----------------------------------------------------------------------------
-----------------------------------------------------------------------------

Input image     : n777.fits[91:167,267:301] 
Init. par. file : galfit.n777 
Restart file    : galfit.02 
Output image    : imgblock.fits 

 sersic    : ( *181.64*, *360.77*)  15.67     51.62    0.23   *0.02*  -59.39
             (*641872728948736.00*, *271667217563648.00*) 102684338159616.00 1748451926736896.00 23063586406400.00 *1050909409280.00* 94217430892544.00
 sky       : [129.00, 284.00]  1937.49  [0.00e+00]  [0.00e+00]
                                  2.23  [0.00e+00]  [0.00e+00]
 Chi^2 = 5369.80746,  ndof = 2687
 Chi^2/nu = 1.998 

-----------------------------------------------------------------------------
-----------------------------------------------------------------------------

Input image     : n777.fits[91:167,267:301] 
Init. par. file : galfit.n777 
Restart file    : galfit.03 
Output image    : imgblock.fits 

 sersic    : (  *73.00*,  *67.00*)  20.09      5.12    1.40    0.84   -35.00
             (*2061566022699188224.00*, *9150461221793693696.00*) 2428887431332757504.00 601347167205982208.00 46317730478948352.00 11505086735843328.00 2865668975222587392.00
 sky       : [129.00, 284.00]     1.39  [0.00e+00]  [0.00e+00]
                                153.38  [0.00e+00]  [0.00e+00]
 Chi^2 = 1506588.87228,  ndof = 2687
 Chi^2/nu = 560.696 

-----------------------------------------------------------------------------
-----------------------------------------------------------------------------

Input image     : n777.fits[91:167,267:301] 
Init. par. file : galfit.n777 
Restart file    : galfit.04 
Output image    : imgblock.fits 

 sersic    : (  *73.00*,  *67.00*)  20.09      5.12    1.40    0.84   -35.00
             (*2061566022699188224.00*, *9150461221793693696.00*) 2428887431332757504.00 601347167205982208.00 46317730478948352.00 11505086735843328.00 2865668975222587392.00
 sky       : [129.00, 284.00]     1.39  [0.00e+00]  [0.00e+00]
                                153.38  [0.00e+00]  [0.00e+00]
 Chi^2 = 1506588.87228,  ndof = 2687
 Chi^2/nu = 560.696 

-----------------------------------------------------------------------------
-----------------------------------------------------------------------------

Input image     : n777.fits[91:237,167:301] 
Init. par. file : galfit.n777 
Restart file    : galfit.05 
Output image    : imgblock.fits 

 sersic    : (  164.16,   233.95)   14.82     15.83    1.94    0.86   -31.71
             (    0.00,     0.00)    0.00      0.03    0.00    0.00     0.21
 sky       : [164.00, 234.00]  1902.04  [0.00e+00]  [0.00e+00]
                                  0.92  [0.00e+00]  [0.00e+00]
 Chi^2 = 5229.42890,  ndof = 19837
 Chi^2/nu = 0.264 

-----------------------------------------------------------------------------
-----------------------------------------------------------------------------

Input image     : ngc4874.fit[1594:1782,405:597] 
Init. par. file : galfit.ngc4874 
Restart file    : galfit.06 
Output image    : 4874imgblock.fits 

 sersic    : ( 1688.86,   502.17)   15.38     26.62    1.62    0.93   -58.96
             (    0.01,     0.01)    0.00      0.07    0.00    0.00     0.52
 sky       : [1688.00, 501.00]  1159.62  [0.00e+00]  [0.00e+00]
                                  0.11  [0.00e+00]  [0.00e+00]
 Chi^2 = 9513.35159,  ndof = 36469
 Chi^2/nu = 0.261 

-----------------------------------------------------------------------------
-----------------------------------------------------------------------------

Input image     : n777.fits[91:237,167:301] 
Init. par. file : galfit.n777 
Restart file    : galfit.07 
Output image    : imgblock.fits 

 sersic    : (  164.16,   233.95)   14.82     15.83    1.94    0.86   -31.71
             (    0.00,     0.00)    0.00      0.03    0.00    0.00     0.21
 sky       : [164.00, 234.00]  1902.04  [0.00e+00]  [0.00e+00]
                                  0.92  [0.00e+00]  [0.00e+00]
 Chi^2 = 5229.42890,  ndof = 19837
 Chi^2/nu = 0.264 

-----------------------------------------------------------------------------
-----------------------------------------------------------------------------

Input image     : n777.fits[91:237,167:301] 
Init. par. file : galfit.n777 
Restart file    : galfit.08 
Output image    : imgblock.fits 

 sersic    : (  164.16,   233.95)   14.82     15.83    1.94    0.86   -31.71
             (    0.00,     0.00)    0.00      0.03    0.00    0.00     0.21
 sky       : [164.00, 234.00]  1902.03  [0.00e+00]  [0.00e+00]
                                  0.92  [0.00e+00]  [0.00e+00]
 Chi^2 = 5229.42916,  ndof = 19837
 Chi^2/nu = 0.264 

-----------------------------------------------------------------------------
-----------------------------------------------------------------------------

Input image     : n777.fits[91:237,167:301] 
Init. par. file : galfit.n777 
Restart file    : galfit.09 
Output image    : imgblock.fits 

 sersic    : (  164.16,   233.95)   14.82     15.83    1.94    0.86   -31.71
             (    0.00,     0.00)    0.00      0.03    0.00    0.00     0.21
 sky       : [164.00, 234.00]  1902.04  [0.00e+00]  [0.00e+00]
                                  0.92  [0.00e+00]  [0.00e+00]
 Chi^2 = 5229.42696,  ndof = 19837
 Chi^2/nu = 0.264 

-----------------------------------------------------------------------------
-----------------------------------------------------------------------------

Input image     : ngc4874.fit[1594:1782,405:597] 
Init. par. file : galfit.ngc4874est 
Restart file    : galfit.10 
Output image    : 4874imgblock.fits 

 sersic    : ( 1688.86,   502.17)   15.38     26.62    1.62    0.93   -58.96
             (    0.01,     0.01)    0.00      0.07    0.00    0.00     0.52
 sky       : [1688.00, 501.00]  1159.62  [0.00e+00]  [0.00e+00]
                                  0.11  [0.00e+00]  [0.00e+00]
 Chi^2 = 9513.35191,  ndof = 36469
 Chi^2/nu = 0.261 

-----------------------------------------------------------------------------
